Release 13.4 Xflow O.87xd (nt64)
Copyright (c) 1995-2011 Xilinx, Inc.  All rights reserved.
xflow.exe -wd implementation -p xc6slx45csg324-3 -implement xflow.opt system.ngc
 
PMSPEC -- Overriding Xilinx file
<C:/Xilinx/13.4/ISE_DS/EDK/spartan6/data/spartan6.acd> with local file
<C:/Xilinx/13.4/ISE_DS/ISE/spartan6/data/spartan6.acd>
.... Copying flowfile C:/Xilinx/13.4/ISE_DS/ISE/xilinx/data/fpga.flw into
working directory
C:/Users/superman/Desktop/CLGit/SpaceInvaders/hardware/implementation 

Using Flow File:
C:/Users/superman/Desktop/CLGit/SpaceInvaders/hardware/implementation/fpga.flw 
Using Option File(s): 
 C:/Users/superman/Desktop/CLGit/SpaceInvaders/hardware/implementation/xflow.opt
 

Creating Script File ... 

#----------------------------------------------#
# Starting program ngdbuild
# ngdbuild -p xc6slx45csg324-3 -nt timestamp -bm system.bmm
"C:/Users/superman/Desktop/CLGit/SpaceInvaders/hardware/implementation/system.ng
c" -uc system.ucf system.ngd 
#----------------------------------------------#
Release 13.4 - ngdbuild O.87xd (nt64)
Copyright (c) 1995-2011 Xilinx, Inc.  All rights reserved.
PMSPEC -- Overriding Xilinx file
<C:/Xilinx/13.4/ISE_DS/EDK/spartan6/data/spartan6.acd> with local file
<C:/Xilinx/13.4/ISE_DS/ISE/spartan6/data/spartan6.acd>

Command Line: C:\Xilinx\13.4\ISE_DS\ISE\bin\nt64\unwrapped\ngdbuild.exe -p
xc6slx45csg324-3 -nt timestamp -bm system.bmm
C:/Users/superman/Desktop/CLGit/SpaceInvaders/hardware/implementation/system.ngc
-uc system.ucf system.ngd

Reading NGO file
"C:/Users/superman/Desktop/CLGit/SpaceInvaders/hardware/implementation/system.ng
c" ...
Loading design module
"C:/Users/superman/Desktop/CLGit/SpaceInvaders/hardware/implementation/push_butt
ons_5bits_wrapper.ngc"...
Loading design module
"C:/Users/superman/Desktop/CLGit/SpaceInvaders/hardware/implementation/rs232_uar
t_1_wrapper.ngc"...
Loading design module
"C:/Users/superman/Desktop/CLGit/SpaceInvaders/hardware/implementation/proc_sys_
reset_0_wrapper.ngc"...
Loading design module
"C:/Users/superman/Desktop/CLGit/SpaceInvaders/hardware/implementation/clock_gen
erator_0_wrapper.ngc"...
Loading design module
"C:/Users/superman/Desktop/CLGit/SpaceInvaders/hardware/implementation/axi_hdmi_
0_wrapper.ngc"...
Loading design module
"C:/Users/superman/Desktop/CLGit/SpaceInvaders/hardware/implementation/axi_ac97_
0_wrapper.ngc"...
Loading design module
"C:/Users/superman/Desktop/CLGit/SpaceInvaders/hardware/implementation/microblaz
e_0_ilmb_wrapper.ngc"...
Loading design module
"C:/Users/superman/Desktop/CLGit/SpaceInvaders/hardware/implementation/microblaz
e_0_dlmb_wrapper.ngc"...
Loading design module
"C:/Users/superman/Desktop/CLGit/SpaceInvaders/hardware/implementation/mcb_ddr2_
wrapper.ngc"...
Loading design module
"C:/Users/superman/Desktop/CLGit/SpaceInvaders/hardware/implementation/axi4lite_
0_wrapper.ngc"...
Loading design module
"C:/Users/superman/Desktop/CLGit/SpaceInvaders/hardware/implementation/axi4_0_wr
apper.ngc"...
Loading design module
"C:/Users/superman/Desktop/CLGit/SpaceInvaders/hardware/implementation/microblaz
e_0_wrapper.ngc"...
Loading design module
"C:/Users/superman/Desktop/CLGit/SpaceInvaders/hardware/implementation/axi_vdma_
0_wrapper.ngc"...
Loading design module
"C:/Users/superman/Desktop/CLGit/SpaceInvaders/hardware/implementation/axi_intc_
0_wrapper.ngc"...
Loading design module
"C:/Users/superman/Desktop/CLGit/SpaceInvaders/hardware/implementation/microblaz
e_0_i_bram_ctrl_wrapper.ngc"...
Loading design module
"C:/Users/superman/Desktop/CLGit/SpaceInvaders/hardware/implementation/microblaz
e_0_d_bram_ctrl_wrapper.ngc"...
Loading design module
"C:/Users/superman/Desktop/CLGit/SpaceInvaders/hardware/implementation/debug_mod
ule_wrapper.ngc"...
Loading design module
"C:/Users/superman/Desktop/CLGit/SpaceInvaders/hardware/implementation/digilent_
quadspi_cntlr_wrapper.ngc"...
Loading design module
"C:/Users/superman/Desktop/CLGit/SpaceInvaders/hardware/implementation/axi_timer
_0_wrapper.ngc"...
Loading design module
"C:/Users/superman/Desktop/CLGit/SpaceInvaders/hardware/implementation/fit_timer
_0_wrapper.ngc"...
Loading design module
"C:/Users/superman/Desktop/CLGit/SpaceInvaders/hardware/implementation/pit_0_wra
pper.ngc"...
Loading design module
"C:/Users/superman/Desktop/CLGit/SpaceInvaders/hardware/implementation/controlle
r_0_wrapper.ngc"...
Loading design module
"C:/Users/superman/Desktop/CLGit/SpaceInvaders/hardware/implementation/microblaz
e_0_bram_block_wrapper.ngc"...
Applying constraints in
"C:/Users/superman/Desktop/CLGit/SpaceInvaders/hardware/implementation/microblaz
e_0_ilmb_wrapper.ncf" to module "microblaze_0_ilmb"...
Checking Constraint Associations...
Applying constraints in
"C:/Users/superman/Desktop/CLGit/SpaceInvaders/hardware/implementation/microblaz
e_0_dlmb_wrapper.ncf" to module "microblaze_0_dlmb"...
Checking Constraint Associations...
Applying constraints in
"C:/Users/superman/Desktop/CLGit/SpaceInvaders/hardware/implementation/mcb_ddr2_
wrapper.ncf" to module "MCB_DDR2"...
Checking Constraint Associations...
Applying constraints in
"C:/Users/superman/Desktop/CLGit/SpaceInvaders/hardware/implementation/axi4lite_
0_wrapper.ncf" to module "axi4lite_0"...
Checking Constraint Associations...
Applying constraints in
"C:/Users/superman/Desktop/CLGit/SpaceInvaders/hardware/implementation/axi4_0_wr
apper.ncf" to module "axi4_0"...
Checking Constraint Associations...
Applying constraints in
"C:/Users/superman/Desktop/CLGit/SpaceInvaders/hardware/implementation/microblaz
e_0_wrapper.ncf" to module "microblaze_0"...
Checking Constraint Associations...
Applying constraints in
"C:/Users/superman/Desktop/CLGit/SpaceInvaders/hardware/implementation/axi_vdma_
0_wrapper.ncf" to module "axi_vdma_0"...
Checking Constraint Associations...
Gathering constraint information from source properties...
Done.

Annotating constraints to design from ucf file "system.ucf" ...
Resolving constraint associations...
Checking Constraint Associations...
WARNING:ConstraintSystem:135 - Constraint <INST
   /system/EXPANDED/system/axi4_0/axi4_0\/si_converter_bank\/gen_conv_slot[0].cl
   ock_conv_inst\/interconnect_aresetn_resync<2>_inv1_INV_0 TNM =
   FFS:axi4_0_reset_resync>: No instances of type FFS were found under block
   "axi4_0/axi4_0/si_converter_bank/gen_conv_slot[0].clock_conv_inst/interconnec
   t_aresetn_resync<2>_inv1_INV_0" (type=INV).

WARNING:ConstraintSystem:135 - Constraint <INST
   /system/EXPANDED/system/axi4lite_0/axi4lite_0\/si_converter_bank\/gen_conv_sl
   ot[0].clock_conv_inst\/interconnect_aresetn_resync<2>_inv1_INV_0 TNM =
   FFS:axi4lite_0_reset_resync>: No instances of type FFS were found under block
   "axi4lite_0/axi4lite_0/si_converter_bank/gen_conv_slot[0].clock_conv_inst/int
   erconnect_aresetn_resync<2>_inv1_INV_0" (type=INV).

WARNING:ConstraintSystem:58 - Constraint <TIMEGRP axi4lite_0_reset_source = FFS
   PADS CPUS;>: CPUS "*" does not match any design objects.

WARNING:ConstraintSystem:58 - Constraint <TIMEGRP axi4_0_reset_source = FFS PADS
   CPUS;>: CPUS "*" does not match any design objects.

ERROR:ConstraintSystem:59 - Constraint <NET PMOD_up		LOC = "T3" |>
   [system.ucf(81)]: NET "PMOD_up" not found.  Please verify that:
   1. The specified design element actually exists in the original design.
   2. The specified object is spelled correctly in the constraint source file.

WARNING:ConstraintSystem - A target design object for the Locate constraint
   '<NET PMOD_up		LOC = "T3" |> [system.ucf(81)]' could not be found and so the
   Locate constraint will be removed.

ERROR:ConstraintSystem:59 - Constraint <IOSTANDARD = "LVCMOS33" |>
   [system.ucf(81)]: NET "PMOD_up" not found.  Please verify that:
   1. The specified design element actually exists in the original design.
   2. The specified object is spelled correctly in the constraint source file.

ERROR:ConstraintSystem:59 - Constraint <PULLUP;> [system.ucf(81)]: NET "PMOD_up"
   not found.  Please verify that:
   1. The specified design element actually exists in the original design.
   2. The specified object is spelled correctly in the constraint source file.

ERROR:ConstraintSystem:59 - Constraint <NET PMOD_down	LOC = "R3" |>
   [system.ucf(82)]: NET "PMOD_down" not found.  Please verify that:
   1. The specified design element actually exists in the original design.
   2. The specified object is spelled correctly in the constraint source file.

WARNING:ConstraintSystem - A target design object for the Locate constraint
   '<NET PMOD_down	LOC = "R3" |> [system.ucf(82)]' could not be found and so the
   Locate constraint will be removed.

ERROR:ConstraintSystem:59 - Constraint <IOSTANDARD = "LVCMOS33" |>
   [system.ucf(82)]: NET "PMOD_down" not found.  Please verify that:
   1. The specified design element actually exists in the original design.
   2. The specified object is spelled correctly in the constraint source file.

ERROR:ConstraintSystem:59 - Constraint <PULLUP;> [system.ucf(82)]: NET
   "PMOD_down" not found.  Please verify that:
   1. The specified design element actually exists in the original design.
   2. The specified object is spelled correctly in the constraint source file.

ERROR:ConstraintSystem:59 - Constraint <NET PMOD_left	LOC = "P6" |>
   [system.ucf(83)]: NET "PMOD_left" not found.  Please verify that:
   1. The specified design element actually exists in the original design.
   2. The specified object is spelled correctly in the constraint source file.

WARNING:ConstraintSystem - A target design object for the Locate constraint
   '<NET PMOD_left	LOC = "P6" |> [system.ucf(83)]' could not be found and so the
   Locate constraint will be removed.

ERROR:ConstraintSystem:59 - Constraint <IOSTANDARD = "LVCMOS33" |>
   [system.ucf(83)]: NET "PMOD_left" not found.  Please verify that:
   1. The specified design element actually exists in the original design.
   2. The specified object is spelled correctly in the constraint source file.

ERROR:ConstraintSystem:59 - Constraint <PULLUP;> [system.ucf(83)]: NET
   "PMOD_left" not found.  Please verify that:
   1. The specified design element actually exists in the original design.
   2. The specified object is spelled correctly in the constraint source file.

ERROR:ConstraintSystem:59 - Constraint <NET PMOD_right	LOC = "N5" |>
   [system.ucf(84)]: NET "PMOD_right" not found.  Please verify that:
   1. The specified design element actually exists in the original design.
   2. The specified object is spelled correctly in the constraint source file.

WARNING:ConstraintSystem - A target design object for the Locate constraint
   '<NET PMOD_right	LOC = "N5" |> [system.ucf(84)]' could not be found and so
   the Locate constraint will be removed.

ERROR:ConstraintSystem:59 - Constraint <IOSTANDARD = "LVCMOS33" |>
   [system.ucf(84)]: NET "PMOD_right" not found.  Please verify that:
   1. The specified design element actually exists in the original design.
   2. The specified object is spelled correctly in the constraint source file.

ERROR:ConstraintSystem:59 - Constraint <PULLUP;> [system.ucf(84)]: NET
   "PMOD_right" not found.  Please verify that:
   1. The specified design element actually exists in the original design.
   2. The specified object is spelled correctly in the constraint source file.

ERROR:ConstraintSystem:59 - Constraint <NET PMOD_button	LOC = "V9" |>
   [system.ucf(85)]: NET "PMOD_button" not found.  Please verify that:
   1. The specified design element actually exists in the original design.
   2. The specified object is spelled correctly in the constraint source file.

WARNING:ConstraintSystem - A target design object for the Locate constraint
   '<NET PMOD_button	LOC = "V9" |> [system.ucf(85)]' could not be found and so
   the Locate constraint will be removed.

ERROR:ConstraintSystem:59 - Constraint <IOSTANDARD = "LVCMOS33" |>
   [system.ucf(85)]: NET "PMOD_button" not found.  Please verify that:
   1. The specified design element actually exists in the original design.
   2. The specified object is spelled correctly in the constraint source file.

ERROR:ConstraintSystem:59 - Constraint <PULLUP;> [system.ucf(85)]: NET
   "PMOD_button" not found.  Please verify that:
   1. The specified design element actually exists in the original design.
   2. The specified object is spelled correctly in the constraint source file.

WARNING:ConstraintSystem - TNM : m_axi_mm2s_aclk was distributed to a DCM but
   new TNM constraints were not derived. This TNM is used in the following user
   groups or specifications:
   <TIMESPEC TS_axi_vdma_0_from_s_axi_lite_aclk_to_m_axi_mm2s_aclk = FROM
   "s_axi_lite_aclk" TO "m_axi_mm2s_aclk" TIG;>
   <TIMESPEC TS_axi_vdma_0_from_m_axi_mm2s_aclk_to_s_axi_lite_aclk = FROM
   "m_axi_mm2s_aclk" TO "s_axi_lite_aclk" TIG;>
   <TIMESPEC TS_axi_vdma_0_from_m_axi_mm2s_aclk_to_m_axis_mm2s_aclk = FROM
   "m_axi_mm2s_aclk" TO "m_axis_mm2s_aclk" TIG;>
   <TIMESPEC TS_axi_vdma_0_from_m_axis_mm2s_aclk_to_m_axi_mm2s_aclk = FROM
   "m_axis_mm2s_aclk" TO "m_axi_mm2s_aclk" TIG;>

WARNING:ConstraintSystem - TNM : s_axi_lite_aclk was distributed to a DCM but
   new TNM constraints were not derived. This TNM is used in the following user
   groups or specifications:
   <TIMESPEC TS_axi_vdma_0_from_s_axi_lite_aclk_to_m_axi_mm2s_aclk = FROM
   "s_axi_lite_aclk" TO "m_axi_mm2s_aclk" TIG;>
   <TIMESPEC TS_axi_vdma_0_from_m_axi_mm2s_aclk_to_s_axi_lite_aclk = FROM
   "m_axi_mm2s_aclk" TO "s_axi_lite_aclk" TIG;>
   <TIMESPEC TS_axi_vdma_0_from_s_axi_lite_aclk_to_m_axis_mm2s_aclk = FROM
   "s_axi_lite_aclk" TO "m_axis_mm2s_aclk" TIG;>
   <TIMESPEC TS_axi_vdma_0_from_m_axis_mm2s_aclk_to_s_axi_lite_aclk = FROM
   "m_axis_mm2s_aclk" TO "s_axi_lite_aclk" TIG;>

WARNING:ConstraintSystem - TNM : globclk was distributed to a DCM but new TNM
   constraints were not derived. This TNM is used in the following user groups
   or specifications:
   <TIMESPEC TS_path1 = FROM globclk TO hdmipclk 14 ns;> [system.ucf(74)]
   <TIMESPEC TS_path2 = FROM hdmipclk TO globclk 10 ns;> [system.ucf(75)]

WARNING:ConstraintSystem:194 - The TNM 'axi4_0_reset_resync', does not directly
   or indirectly drive any flip-flops, latches and/or RAMs and is not actively
   used by any referencing constraint.

WARNING:ConstraintSystem:194 - The TNM 'axi4lite_0_reset_resync', does not
   directly or indirectly drive any flip-flops, latches and/or RAMs and is not
   actively used by any referencing constraint.

INFO:ConstraintSystem:178 - TNM 'sys_clk_pin', used in period specification
   'TS_sys_clk_pin', was traced into PLL_ADV instance
   clock_generator_0/PLL0_INST/Using_PLL_ADV.PLL_ADV_inst. The following new TNM
   groups and period specifications were generated at the PLL_ADV output(s): 
   CLKOUT1: <TIMESPEC TS_clk_600_0000MHz180PLL0_nobuf = PERIOD
   "clk_600_0000MHz180PLL0_nobuf" TS_sys_clk_pin * 6 PHASE 0.833333333 ns HIGH
   50%>

INFO:ConstraintSystem:178 - TNM 'sys_clk_pin', used in period specification
   'TS_sys_clk_pin', was traced into PLL_ADV instance
   clock_generator_0/PLL0_INST/Using_PLL_ADV.PLL_ADV_inst. The following new TNM
   groups and period specifications were generated at the PLL_ADV output(s): 
   CLKOUT0: <TIMESPEC TS_clk_600_0000MHzPLL0_nobuf = PERIOD
   "clk_600_0000MHzPLL0_nobuf" TS_sys_clk_pin * 6 HIGH 50%>

INFO:ConstraintSystem:178 - TNM 'sys_clk_pin', used in period specification
   'TS_sys_clk_pin', was traced into PLL_ADV instance
   clock_generator_0/PLL0_INST/Using_PLL_ADV.PLL_ADV_inst. The following new TNM
   groups and period specifications were generated at the PLL_ADV output(s): 
   CLKOUT2: <TIMESPEC TS_clock_generator_0_clock_generator_0_SIG_PLL0_CLKOUT2 =
   PERIOD "clock_generator_0_clock_generator_0_SIG_PLL0_CLKOUT2" TS_sys_clk_pin
   HIGH 50%>

INFO:ConstraintSystem:178 - TNM
   'clock_generator_0_clock_generator_0_SIG_PLL0_CLKOUT2', used in period
   specification 'TS_clock_generator_0_clock_generator_0_SIG_PLL0_CLKOUT2', was
   traced into DCM_CLKGEN instance
   axi_hdmi_0/USE_HDMI_OUT.Inst_AxiHDMITransmitter/Inst_DynClkGen/DCM_CLKGEN_ins
   t. The following new TNM groups and period specifications were generated at
   the DCM_CLKGEN output(s): 
   CLKFX: <TIMESPEC
   TS_axi_hdmi_0_axi_hdmi_0_USE_HDMI_OUT_Inst_AxiHDMITransmitter_Inst_DynClkGen_
   DcmClkO = PERIOD
   "axi_hdmi_0_axi_hdmi_0_USE_HDMI_OUT_Inst_AxiHDMITransmitter_Inst_DynClkGen_Dc
   mClkO" TS_clock_g...>

INFO:ConstraintSystem:178 - TNM
   'axi_hdmi_0_axi_hdmi_0_USE_HDMI_OUT_Inst_AxiHDMITransmitter_Inst_DynClkGen_Dc
   mClkO', used in period specification
   'TS_axi_hdmi_0_axi_hdmi_0_USE_HDMI_OUT_Inst_AxiHDMITransmitter_Inst_DynClkGen
   _DcmClkO', was traced into PLL_ADV instance PLL_ADV. The following new TNM
   groups and period specifications were generated at the PLL_ADV output(s): 
   CLKOUT3: <TIMESPEC
   TS_axi_hdmi_0_axi_hdmi_0_USE_HDMI_OUT_Inst_AxiHDMITransmitter_Inst_DynClkGen_
   PllOut_x2 = PERIOD
   "axi_hdmi_0_axi_hdmi_0_USE_HDMI_OUT_Inst_AxiHDMITransmitter_Inst_DynClkGen_Pl
   lOut_x2" TS_axi...>

INFO:ConstraintSystem:178 - TNM
   'axi_hdmi_0_axi_hdmi_0_USE_HDMI_OUT_Inst_AxiHDMITransmitter_Inst_DynClkGen_Dc
   mClkO', used in period specification
   'TS_axi_hdmi_0_axi_hdmi_0_USE_HDMI_OUT_Inst_AxiHDMITransmitter_Inst_DynClkGen
   _DcmClkO', was traced into PLL_ADV instance PLL_ADV. The following new TNM
   groups and period specifications were generated at the PLL_ADV output(s): 
   CLKOUT1: <TIMESPEC
   TS_axi_hdmi_0_axi_hdmi_0_USE_HDMI_OUT_Inst_AxiHDMITransmitter_Inst_DynClkGen_
   PllOut_x1 = PERIOD
   "axi_hdmi_0_axi_hdmi_0_USE_HDMI_OUT_Inst_AxiHDMITransmitter_Inst_DynClkGen_Pl
   lOut_x1" TS_axi...>

INFO:ConstraintSystem:178 - TNM
   'axi_hdmi_0_axi_hdmi_0_USE_HDMI_OUT_Inst_AxiHDMITransmitter_Inst_DynClkGen_Dc
   mClkO', used in period specification
   'TS_axi_hdmi_0_axi_hdmi_0_USE_HDMI_OUT_Inst_AxiHDMITransmitter_Inst_DynClkGen
   _DcmClkO', was traced into PLL_ADV instance PLL_ADV. The following new TNM
   groups and period specifications were generated at the PLL_ADV output(s): 
   CLKOUT0: <TIMESPEC
   TS_axi_hdmi_0_axi_hdmi_0_USE_HDMI_OUT_Inst_AxiHDMITransmitter_Inst_DynClkGen_
   PllOut_x10 = PERIOD
   "axi_hdmi_0_axi_hdmi_0_USE_HDMI_OUT_Inst_AxiHDMITransmitter_Inst_DynClkGen_Pl
   lOut_x10" TS_a...>

WARNING:NgdBuild:1012 - The constraint <CONFIG VCCAUX = "2.5"> is overridden on
   the design object system by the constraint <CONFIG VCCAUX = 3.3;>
   [system.ucf(42)].
WARNING:NgdBuild:1012 - The constraint <NET "zio" IOSTANDARD = "SSTL18_II"> is
   overridden on the design object zio by the constraint <NET zio IOSTANDARD =
   "LVCMOS18_JEDEC";> [system.ucf(15)].
WARNING:NgdBuild:1012 - The constraint <NET "rzq" IOSTANDARD = "SSTL18_II"> is
   overridden on the design object rzq by the constraint <NET rzq IOSTANDARD =
   "LVCMOS18_JEDEC";> [system.ucf(14)].
Done...

Processing BMM file "system.bmm" ...

WARNING:NgdBuild:1440 - User specified non-default attribute value (10) was
   detected for the CLKIN1_PERIOD attribute on PLL "PLL_ADV".  This does not
   match the PERIOD constraint value (74400 KHz.).  The uncertainty calculation
   will use the PERIOD constraint value.  This could result in incorrect
   uncertainty calculated for PLL output clocks.
Checking expanded design ...
WARNING:NgdBuild:443 - SFF primitive
   'microblaze_0/microblaze_0/MicroBlaze_Core_I/Performance.Decode_I/Using_FPGA.
   Gen_Bits[27].MEM_EX_Result_Inst' has unconnected output pin
WARNING:NgdBuild:452 - logical net 'N29' has no driver
WARNING:NgdBuild:452 - logical net 'N30' has no driver
WARNING:NgdBuild:452 - logical net 'N31' has no driver
WARNING:NgdBuild:452 - logical net 'N32' has no driver
WARNING:NgdBuild:452 - logical net 'N33' has no driver
WARNING:NgdBuild:452 - logical net 'N34' has no driver
WARNING:NgdBuild:452 - logical net 'N35' has no driver
WARNING:NgdBuild:452 - logical net 'N36' has no driver
WARNING:NgdBuild:452 - logical net 'N37' has no driver
WARNING:NgdBuild:452 - logical net 'N38' has no driver
WARNING:NgdBuild:452 - logical net 'N39' has no driver
WARNING:NgdBuild:452 - logical net 'N40' has no driver
WARNING:NgdBuild:452 - logical net 'N41' has no driver
WARNING:NgdBuild:452 - logical net 'N42' has no driver
WARNING:NgdBuild:452 - logical net 'N43' has no driver
WARNING:NgdBuild:452 - logical net 'N44' has no driver
WARNING:NgdBuild:452 - logical net 'N49' has no driver
WARNING:NgdBuild:452 - logical net 'N50' has no driver
WARNING:NgdBuild:452 - logical net 'N51' has no driver
WARNING:NgdBuild:452 - logical net 'N52' has no driver
WARNING:NgdBuild:452 - logical net 'N53' has no driver
WARNING:NgdBuild:452 - logical net 'N54' has no driver
WARNING:NgdBuild:478 - clock net debug_module/bscan_drck1 with clock driver
   debug_module/debug_module/BUFG_DRCK1 drives no clock pins

Partition Implementation Status
-------------------------------

  No Partitions were found in this design.

-------------------------------

NGDBUILD Design Results Summary:
  Number of errors:    15
  Number of warnings:  42

Total REAL time to NGDBUILD completion:  43 sec
Total CPU time to NGDBUILD completion:   43 sec

One or more errors were found during NGDBUILD.  No NGD file will be written.

Writing NGDBUILD log file "system.bld"...
ERROR:Xflow - Program ngdbuild returned error code 2. Aborting flow execution...
