Xilinx Platform Studio (XPS)
Xilinx EDK 13.4 Build EDK_O.87xd
Copyright (c) 1995-2011 Xilinx, Inc.  All rights reserved.

Assigned Driver gpio 3.00.a for instance axi_gpio_0
axi_gpio_0 has been added to the project
ERROR:EDK:4125 - IPNAME: axi_gpio, INSTANCE: axi_gpio_0, PARAMETER: C_BASEADDR - ASSIGNMENT=REQUIRE is defined in the MPD. You must specify a value in the MHS. 
ERROR:EDK:4125 - IPNAME: axi_gpio, INSTANCE: axi_gpio_0, PARAMETER: C_HIGHADDR - ASSIGNMENT=REQUIRE is defined in the MPD. You must specify a value in the MHS. 
WARNING:EDK:2137 - Peripheral axi_gpio_0 is not accessible from any processor in the system. Check Bus Interface connections and address parameters. 
ERROR:EDK:4125 - IPNAME: axi_gpio, INSTANCE: axi_gpio_0, PARAMETER: C_BASEADDR - ASSIGNMENT=REQUIRE is defined in the MPD. You must specify a value in the MHS. 
ERROR:EDK:4125 - IPNAME: axi_gpio, INSTANCE: axi_gpio_0, PARAMETER: C_HIGHADDR - ASSIGNMENT=REQUIRE is defined in the MPD. You must specify a value in the MHS. 
WARNING:EDK:2137 - Peripheral axi_gpio_0 is not accessible from any processor in the system. Check Bus Interface connections and address parameters. 
axi_gpio_0 has been deleted from the project
WARNING:EDK:3605 - Use of the repository located at C:\Xilinx\13.4\ISE_DS\edk_user_repository\ 
(equivalent of $XILINX_EDK/../edk_user_repository) is now deprecated. 
It is recommended that you use Global SearchPath preference to specify search paths that apply to all the projects.
WARNING:EDK:3605 - Use of the repository located at C:\Xilinx\13.4\ISE_DS\edk_user_repository\ 
(equivalent of $XILINX_EDK/../edk_user_repository) is now deprecated. 
It is recommended that you use Global SearchPath preference to specify search paths that apply to all the projects.
Writing filter settings....
Done writing filter settings to:
	C:\Users\superman\Desktop\CLGit\SpaceInvaders\hardware\etc\system.filters
Done writing Tab View settings to:
	C:\Users\superman\Desktop\CLGit\SpaceInvaders\hardware\etc\system.gui
Writing filter settings....
Done writing filter settings to:
	C:\Users\superman\Desktop\CLGit\SpaceInvaders\hardware\etc\system.filters
Done writing Tab View settings to:
	C:\Users\superman\Desktop\CLGit\SpaceInvaders\hardware\etc\system.gui
Writing filter settings....
Done writing filter settings to:
	C:\Users\superman\Desktop\CLGit\SpaceInvaders\hardware\etc\system.filters
Done writing Tab View settings to:
	C:\Users\superman\Desktop\CLGit\SpaceInvaders\hardware\etc\system.gui
